<?xml version="1.0" encoding="UTF-8"?>
<coverage generated="1708055061494" clover="3.2.0">
  <project timestamp="1708055061495" name="All files">
    <metrics statements="15" coveredstatements="15" conditionals="6" coveredconditionals="6" methods="2" coveredmethods="2" elements="23" coveredelements="23" complexity="0" loc="15" ncloc="15" packages="1" files="1" classes="1"/>
    <file name="ejercicio2.ts" path="C:\Users\DELL 1559\Desktop\ESPE\Sexto Semestre\Pruebas de Software\Tercer Parcial\codigo\miproyecto\src\ejercicio2.ts">
      <metrics statements="15" coveredstatements="15" conditionals="6" coveredconditionals="6" methods="2" coveredmethods="2"/>
      <line num="1" count="1" type="stmt"/>
      <line num="2" count="1" type="cond" truecount="1" falsecount="0"/>
      <line num="3" count="8" type="cond" truecount="1" falsecount="0"/>
      <line num="4" count="2" type="stmt"/>
      <line num="5" count="2" type="cond" truecount="1" falsecount="0"/>
      <line num="6" count="6" type="stmt"/>
      <line num="7" count="6" type="stmt"/>
      <line num="8" count="1" type="stmt"/>
      <line num="9" count="1" type="stmt"/>
      <line num="10" count="1" type="cond" truecount="1" falsecount="0"/>
      <line num="11" count="21892" type="cond" truecount="1" falsecount="0"/>
      <line num="12" count="10947" type="stmt"/>
      <line num="13" count="10947" type="cond" truecount="1" falsecount="0"/>
      <line num="14" count="10945" type="stmt"/>
      <line num="15" count="10945" type="stmt"/>
    </file>
  </project>
</coverage>
