{"C:\\Users\\DELL 1559\\Desktop\\ESPE\\Sexto Semestre\\Pruebas de Software\\Tercer Parcial\\codigo\\miproyecto\\src\\ejercicio2.ts": {"path":"C:\\Users\\DELL 1559\\Desktop\\ESPE\\Sexto Semestre\\Pruebas de Software\\Tercer Parcial\\codigo\\miproyecto\\src\\ejercicio2.ts","all":false,"statementMap":{"0":{"start":{"line":1,"column":0},"end":{"line":1,"column":70}},"1":{"start":{"line":2,"column":0},"end":{"line":2,"column":54}},"2":{"start":{"line":3,"column":0},"end":{"line":3,"column":18}},"3":{"start":{"line":4,"column":0},"end":{"line":4,"column":17}},"4":{"start":{"line":5,"column":0},"end":{"line":5,"column":5}},"5":{"start":{"line":6,"column":0},"end":{"line":6,"column":40}},"6":{"start":{"line":7,"column":0},"end":{"line":7,"column":1}},"7":{"start":{"line":8,"column":0},"end":{"line":8,"column":0}},"8":{"start":{"line":9,"column":0},"end":{"line":9,"column":114}},"9":{"start":{"line":10,"column":0},"end":{"line":10,"column":60}},"10":{"start":{"line":11,"column":0},"end":{"line":11,"column":24}},"11":{"start":{"line":12,"column":0},"end":{"line":12,"column":24}},"12":{"start":{"line":13,"column":0},"end":{"line":13,"column":5}},"13":{"start":{"line":14,"column":0},"end":{"line":14,"column":75}},"14":{"start":{"line":15,"column":0},"end":{"line":15,"column":1}}},"s":{"0":1,"1":1,"2":8,"3":2,"4":2,"5":6,"6":6,"7":1,"8":1,"9":1,"10":21892,"11":10947,"12":10947,"13":10945,"14":10945},"branchMap":{"0":{"type":"branch","line":2,"loc":{"start":{"line":2,"column":7},"end":{"line":7,"column":1}},"locations":[{"start":{"line":2,"column":7},"end":{"line":7,"column":1}}]},"1":{"type":"branch","line":3,"loc":{"start":{"line":3,"column":17},"end":{"line":5,"column":5}},"locations":[{"start":{"line":3,"column":17},"end":{"line":5,"column":5}}]},"2":{"type":"branch","line":5,"loc":{"start":{"line":5,"column":4},"end":{"line":7,"column":1}},"locations":[{"start":{"line":5,"column":4},"end":{"line":7,"column":1}}]},"3":{"type":"branch","line":10,"loc":{"start":{"line":10,"column":7},"end":{"line":15,"column":1}},"locations":[{"start":{"line":10,"column":7},"end":{"line":15,"column":1}}]},"4":{"type":"branch","line":11,"loc":{"start":{"line":11,"column":23},"end":{"line":13,"column":5}},"locations":[{"start":{"line":11,"column":23},"end":{"line":13,"column":5}}]},"5":{"type":"branch","line":13,"loc":{"start":{"line":13,"column":4},"end":{"line":15,"column":1}},"locations":[{"start":{"line":13,"column":4},"end":{"line":15,"column":1}}]}},"b":{"0":[8],"1":[2],"2":[6],"3":[21892],"4":[10947],"5":[10945]},"fnMap":{"0":{"name":"calcularFactorial","decl":{"start":{"line":2,"column":7},"end":{"line":7,"column":1}},"loc":{"start":{"line":2,"column":7},"end":{"line":7,"column":1}},"line":2},"1":{"name":"valorEnFibonacci","decl":{"start":{"line":10,"column":7},"end":{"line":15,"column":1}},"loc":{"start":{"line":10,"column":7},"end":{"line":15,"column":1}},"line":10}},"f":{"0":8,"1":21892}}
}
